INFO 2024-08-31 10:40:46,486 views 15364 1864 New Product Added.
INFO 2024-08-31 10:47:38,929 views 16364 15764 New stud Added.
INFO 2024-08-31 10:50:56,941 views 16100 17000 New stud Added.
INFO 2024-08-31 10:51:46,216 views 16100 17000 Student data updated.
INFO 2024-08-31 11:43:22,820 views 8468 17336 Student data listed.
INFO 2024-08-31 11:44:09,777 views 8468 17336 Student data listed.
INFO 2024-08-31 11:44:18,547 views 8468 17336 Student data listed.
INFO 2024-08-31 11:44:21,966 views 8468 17336 Student data listed.
INFO 2024-08-31 11:44:24,104 views 8468 17336 Student data listed.
INFO 2024-08-31 11:44:25,152 views 8468 17336 Student data listed.
INFO 2024-08-31 11:44:29,717 views 8468 17336 Student data listed.
INFO 2024-08-31 11:44:31,878 views 8468 17336 Student data listed.
INFO 2024-08-31 11:44:43,691 views 8468 17336 Student data listed.
INFO 2024-08-31 11:44:47,397 views 8468 17336 Student data listed.
INFO 2024-08-31 11:44:50,211 views 8468 17336 Student data listed.
INFO 2024-08-31 11:44:58,623 views 8468 17336 Student data listed.
INFO 2024-08-31 11:45:06,510 views 8468 17336 Student data retrieved.
INFO 2024-08-31 11:45:17,375 views 8468 17336 Student data updated.
INFO 2024-08-31 11:45:17,447 views 8468 17336 Student data listed.
INFO 2024-08-31 11:45:22,477 views 8468 17336 Student data deleted.
INFO 2024-08-31 11:45:22,497 views 8468 17336 Student data listed.
INFO 2024-08-31 11:45:35,553 views 8468 17336 New stud Added.
INFO 2024-08-31 11:45:35,613 views 8468 17336 Student data listed.
INFO 2024-08-31 11:45:43,066 views 8468 17336 Student data deleted.
INFO 2024-08-31 11:45:43,110 views 8468 17336 Student data listed.
INFO 2024-08-31 11:46:05,663 views 8468 17336 Student data listed.
INFO 2024-08-31 11:46:07,632 views 8468 17336 Student data retrieved.
INFO 2024-08-31 11:46:09,318 views 8468 17336 Student data updated.
INFO 2024-08-31 11:46:09,394 views 8468 17336 Student data listed.
INFO 2024-08-31 11:48:43,398 views 14964 4044 Student data listed.
INFO 2024-08-31 11:48:52,073 views 14964 4044 Student data retrieved.
INFO 2024-08-31 11:48:59,996 views 14964 4044 Student data updated.
INFO 2024-08-31 11:49:04,439 views 14964 4044 Student data listed.
INFO 2024-08-31 11:49:53,764 views 14964 4044 Student data deleted.
INFO 2024-08-31 11:49:58,152 views 14964 4044 Student data listed.
INFO 2024-08-31 12:11:17,879 views 14656 5676 New stud Added.
INFO 2024-08-31 12:11:17,948 views 14656 5676 Student data listed.
INFO 2024-08-31 12:12:12,666 views 14656 5676 Student data retrieved.
INFO 2024-08-31 12:12:28,323 views 14656 5676 Student data updated.
INFO 2024-08-31 12:12:32,722 views 14656 5676 Student data listed.
INFO 2024-08-31 12:15:01,976 views 14656 13640 New stud Added.
INFO 2024-08-31 12:15:02,060 views 14656 13640 Student data listed.
INFO 2024-08-31 12:15:05,045 views 14656 13640 Student data retrieved.
INFO 2024-08-31 12:15:09,930 views 14656 13640 Student data updated.
INFO 2024-08-31 12:15:14,188 views 14656 13640 Student data listed.
INFO 2024-08-31 12:25:54,732 views 14776 6836 Student data retrieved.
INFO 2024-08-31 12:26:01,182 views 14776 6836 Student data updated.
INFO 2024-08-31 12:26:01,259 views 14776 6836 Student data listed.
INFO 2024-08-31 12:26:06,491 views 14776 6836 Student data deleted.
INFO 2024-08-31 12:26:06,527 views 14776 6836 Student data listed.
